This is pdfTeX, Version 3.14159265-2.6-1.40.21 (TeX Live 2020) (preloaded format=pdflatex 2020.4.7)  25 MAY 2021 07:59
entering extended mode
 restricted \write18 enabled.
 %&-line parsing enabled.
**thesis.tex
(./thesis.tex
LaTeX2e <2020-02-02> patch level 5
L3 programming layer <2020-03-06>
(/usr/local/texlive/2020/texmf-dist/tex/latex/base/report.cls
Document Class: report 2019/12/20 v1.4l Standard LaTeX document class
(/usr/local/texlive/2020/texmf-dist/tex/latex/base/size12.clo
File: size12.clo 2019/12/20 v1.4l Standard LaTeX file (size option)
)
\c@part=\count167
\c@chapter=\count168
\c@section=\count169
\c@subsection=\count170
\c@subsubsection=\count171
\c@paragraph=\count172
\c@subparagraph=\count173
\c@figure=\count174
\c@table=\count175
\abovecaptionskip=\skip47
\belowcaptionskip=\skip48
\bibindent=\dimen134
)
(./utepcsthesis.sty
\c@definition=\count176
\c@theorem=\count177
\c@corollary=\count178
)
(/usr/local/texlive/2020/texmf-dist/tex/latex/graphics/graphicx.sty
Package: graphicx 2019/11/30 v1.2a Enhanced LaTeX Graphics (DPC,SPQR)

(/usr/local/texlive/2020/texmf-dist/tex/latex/graphics/keyval.sty
Package: keyval 2014/10/28 v1.15 key=value parser (DPC)
\KV@toks@=\toks15
)
(/usr/local/texlive/2020/texmf-dist/tex/latex/graphics/graphics.sty
Package: graphics 2019/11/30 v1.4a Standard LaTeX Graphics (DPC,SPQR)

(/usr/local/texlive/2020/texmf-dist/tex/latex/graphics/trig.sty
Package: trig 2016/01/03 v1.10 sin cos tan (DPC)
)
(/usr/local/texlive/2020/texmf-dist/tex/latex/graphics-cfg/graphics.cfg
File: graphics.cfg 2016/06/04 v1.11 sample graphics configuration
)
Package graphics Info: Driver file: pdftex.def on input line 105.

(/usr/local/texlive/2020/texmf-dist/tex/latex/graphics-def/pdftex.def
File: pdftex.def 2018/01/08 v1.0l Graphics/color driver for pdftex
))
\Gin@req@height=\dimen135
\Gin@req@width=\dimen136
)
(/usr/local/texlive/2020/texmf-dist/tex/latex/tools/enumerate.sty
Package: enumerate 2015/07/23 v3.00 enumerate extensions (DPC)
\@enLab=\toks16
)
(/usr/local/texlive/2020/texmf-dist/tex/latex/float/float.sty
Package: float 2001/11/08 v1.3d Float enhancements (AL)
\c@float@type=\count179
\float@exts=\toks17
\float@box=\box45
\@float@everytoks=\toks18
\@floatcapt=\box46
)
(/usr/local/texlive/2020/texmf-dist/tex/latex/physics/physics.sty
Package: physics 

(/usr/local/texlive/2020/texmf-dist/tex/latex/l3packages/xparse/xparse.sty
(/usr/local/texlive/2020/texmf-dist/tex/latex/l3kernel/expl3.sty
Package: expl3 2020-03-06 L3 programming layer (loader) 

(/usr/local/texlive/2020/texmf-dist/tex/latex/l3backend/l3backend-pdfmode.def
File: l3backend-pdfmode.def 2020-03-12 L3 backend support: PDF mode
\l__kernel_color_stack_int=\count180
\l__pdf_internal_box=\box47
))
Package: xparse 2020-03-06 L3 Experimental document command parser
\l__xparse_current_arg_int=\count181
\g__xparse_grabber_int=\count182
\l__xparse_m_args_int=\count183
\l__xparse_v_nesting_int=\count184
) (/usr/local/texlive/2020/texmf-dist/tex/latex/amsmath/amsmath.sty
Package: amsmath 2020/01/20 v2.17e AMS math features
\@mathmargin=\skip49

For additional information on amsmath, use the `?' option.
(/usr/local/texlive/2020/texmf-dist/tex/latex/amsmath/amstext.sty
Package: amstext 2000/06/29 v2.01 AMS text

(/usr/local/texlive/2020/texmf-dist/tex/latex/amsmath/amsgen.sty
File: amsgen.sty 1999/11/30 v2.0 generic functions
\@emptytoks=\toks19
\ex@=\dimen137
))
(/usr/local/texlive/2020/texmf-dist/tex/latex/amsmath/amsbsy.sty
Package: amsbsy 1999/11/29 v1.2d Bold Symbols
\pmbraise@=\dimen138
)
(/usr/local/texlive/2020/texmf-dist/tex/latex/amsmath/amsopn.sty
Package: amsopn 2016/03/08 v2.02 operator names
)
\inf@bad=\count185
LaTeX Info: Redefining \frac on input line 227.
\uproot@=\count186
\leftroot@=\count187
LaTeX Info: Redefining \overline on input line 389.
\classnum@=\count188
\DOTSCASE@=\count189
LaTeX Info: Redefining \ldots on input line 486.
LaTeX Info: Redefining \dots on input line 489.
LaTeX Info: Redefining \cdots on input line 610.
\Mathstrutbox@=\box48
\strutbox@=\box49
\big@size=\dimen139
LaTeX Font Info:    Redeclaring font encoding OML on input line 733.
LaTeX Font Info:    Redeclaring font encoding OMS on input line 734.
\macc@depth=\count190
\c@MaxMatrixCols=\count191
\dotsspace@=\muskip16
\c@parentequation=\count192
\dspbrk@lvl=\count193
\tag@help=\toks20
\row@=\count194
\column@=\count195
\maxfields@=\count196
\andhelp@=\toks21
\eqnshift@=\dimen140
\alignsep@=\dimen141
\tagshift@=\dimen142
\tagwidth@=\dimen143
\totwidth@=\dimen144
\lineht@=\dimen145
\@envbody=\toks22
\multlinegap=\skip50
\multlinetaggap=\skip51
\mathdisplay@stack=\toks23
LaTeX Info: Redefining \[ on input line 2859.
LaTeX Info: Redefining \] on input line 2860.
))
(/usr/local/texlive/2020/texmf-dist/tex/latex/amscls/amsthm.sty
Package: amsthm 2017/10/31 v2.20.4
\thm@style=\toks24
\thm@bodyfont=\toks25
\thm@headfont=\toks26
\thm@notefont=\toks27
\thm@headpunct=\toks28
\thm@preskip=\skip52
\thm@postskip=\skip53
\thm@headsep=\skip54
\dth@everypar=\toks29
)
(/usr/local/texlive/2020/texmf-dist/tex/latex/amsfonts/amssymb.sty
Package: amssymb 2013/01/14 v3.01 AMS font symbols

(/usr/local/texlive/2020/texmf-dist/tex/latex/amsfonts/amsfonts.sty
Package: amsfonts 2013/01/14 v3.01 Basic AMSFonts support
\symAMSa=\mathgroup4
\symAMSb=\mathgroup5
LaTeX Font Info:    Redeclaring math symbol \hbar on input line 98.
LaTeX Font Info:    Overwriting math alphabet `\mathfrak' in version `bold'
(Font)                  U/euf/m/n --> U/euf/b/n on input line 106.
))
(/usr/local/texlive/2020/texmf-dist/tex/latex/base/inputenc.sty
Package: inputenc 2018/08/11 v1.3c Input encoding file
\inpenc@prehook=\toks30
\inpenc@posthook=\toks31
)
(/usr/local/texlive/2020/texmf-dist/tex/latex/natbib/natbib.sty
Package: natbib 2010/09/13 8.31b (PWD, AO)
\bibhang=\skip55
\bibsep=\skip56
LaTeX Info: Redefining \cite on input line 694.
\c@NAT@ctr=\count197
)
(/usr/local/texlive/2020/texmf-dist/tex/latex/appendix/appendix.sty
Package: appendix 2020/02/08 v1.2c extra appendix facilities
\c@@pps=\count198
\c@@ppsavesec=\count199
\c@@ppsaveapp=\count266
)
(/usr/local/texlive/2020/texmf-dist/tex/latex/base/fontenc.sty
Package: fontenc 2020/02/11 v2.0o Standard LaTeX package
)
(/usr/local/texlive/2020/texmf-dist/tex/latex/graphics/epsfig.sty
Package: epsfig 2017/06/25 v1.7b (e)psfig emulation (SPQR)
\epsfxsize=\dimen146
\epsfysize=\dimen147
)
(/usr/local/texlive/2020/texmf-dist/tex/generic/epsf/epsf.sty
This is `epsf.tex' v2.7.4 <14 February 2011>
\epsffilein=\read2
\epsfframemargin=\dimen148
\epsfframethickness=\dimen149
\epsfrsize=\dimen150
\epsftmp=\dimen151
\epsftsize=\dimen152
\epsfxsize=\dimen153
\epsfysize=\dimen154
\pspoints=\dimen155
) (/usr/local/texlive/2020/texmf-dist/tex/latex/psfrag/psfrag.sty
Package: psfrag 1998/04/11 v3.04 PSfrag (MCG)
\pfg@pcount=\count267
\pfg@scount=\count268
\pfg@temp=\write3
)
(/usr/local/texlive/2020/texmf-dist/tex/latex/url/url.sty
\Urlmuskip=\muskip17
Package: url 2013/09/16  ver 3.4  Verb mode for urls, etc.
)
(/usr/local/texlive/2020/texmf-dist/tex/latex/bbm-macros/bbm.sty
Package: bbm 1999/03/15 V 1.2 provides fonts for set symbols - TH
LaTeX Font Info:    Overwriting math alphabet `\mathbbm' in version `bold'
(Font)                  U/bbm/m/n --> U/bbm/bx/n on input line 33.
LaTeX Font Info:    Overwriting math alphabet `\mathbbmss' in version `bold'
(Font)                  U/bbmss/m/n --> U/bbmss/bx/n on input line 35.
)
(/usr/local/texlive/2020/texmf-dist/tex/latex/tools/bm.sty
Package: bm 2019/07/24 v1.2d Bold Symbol Support (DPC/FMi)
\symboldoperators=\mathgroup6
\symboldletters=\mathgroup7
\symboldsymbols=\mathgroup8
LaTeX Font Info:    Redeclaring math alphabet \mathbf on input line 141.
LaTeX Info: Redefining \bm on input line 209.
)
(/usr/local/texlive/2020/texmf-dist/tex/latex/graphics/lscape.sty
Package: lscape 2000/10/22 v3.01 Landscape Pages (DPC)
)
(/usr/local/texlive/2020/texmf-dist/tex/generic/dvips/rotate.sty
\@rotdimen=\dimen156
\@rotbox=\box50
)
(/usr/local/texlive/2020/texmf-dist/tex/latex/dashrule/dashrule.sty
Package: dashrule 2013/03/28 v1.3 Dashed rules

(/usr/local/texlive/2020/texmf-dist/tex/latex/ifmtarg/ifmtarg.sty
Package: ifmtarg 2018/04/16 v1.2b check for an empty argument
)
\c@hdr@segments=\count269
)
(/usr/local/texlive/2020/texmf-dist/tex/latex/epstopdf-pkg/epstopdf.sty
Package: epstopdf 2020-01-24 v2.11 Conversion with epstopdf on the fly (HO)

(/usr/local/texlive/2020/texmf-dist/tex/generic/infwarerr/infwarerr.sty
Package: infwarerr 2019/12/03 v1.5 Providing info/warning/error messages (HO)
)
(/usr/local/texlive/2020/texmf-dist/tex/latex/grfext/grfext.sty
Package: grfext 2019/12/03 v1.3 Manage graphics extensions (HO)

(/usr/local/texlive/2020/texmf-dist/tex/generic/kvdefinekeys/kvdefinekeys.sty
Package: kvdefinekeys 2019-12-19 v1.6 Define keys (HO)
)) (/usr/local/texlive/2020/texmf-dist/tex/latex/kvoptions/kvoptions.sty
Package: kvoptions 2019/11/29 v3.13 Key value format for package options (HO)

(/usr/local/texlive/2020/texmf-dist/tex/generic/ltxcmds/ltxcmds.sty
Package: ltxcmds 2019/12/15 v1.24 LaTeX kernel commands for general use (HO)
)
(/usr/local/texlive/2020/texmf-dist/tex/generic/kvsetkeys/kvsetkeys.sty
Package: kvsetkeys 2019/12/15 v1.18 Key value parser (HO)
))
(/usr/local/texlive/2020/texmf-dist/tex/latex/pdftexcmds/pdftexcmds.sty
Package: pdftexcmds 2019/11/24 v0.31 Utility functions of pdfTeX for LuaTeX (HO
)

(/usr/local/texlive/2020/texmf-dist/tex/generic/iftex/iftex.sty
Package: iftex 2020/03/06 v1.0d TeX engine tests
)
Package pdftexcmds Info: \pdf@primitive is available.
Package pdftexcmds Info: \pdf@ifprimitive is available.
Package pdftexcmds Info: \pdfdraftmode found.
)
(/usr/local/texlive/2020/texmf-dist/tex/latex/epstopdf-pkg/epstopdf-base.sty
Package: epstopdf-base 2020-01-24 v2.11 Base part for package epstopdf
Package epstopdf-base Info: Redefining graphics rule for `.eps' on input line 4
85.
Package grfext Info: Graphics extension search list:
(grfext)             [.pdf,.png,.jpg,.mps,.jpeg,.jbig2,.jb2,.PDF,.PNG,.JPG,.JPE
G,.JBIG2,.JB2,.eps]
(grfext)             \AppendGraphicsExtensions on input line 504.

(/usr/local/texlive/2020/texmf-dist/tex/latex/latexconfig/epstopdf-sys.cfg
File: epstopdf-sys.cfg 2010/07/13 v1.3 Configuration of (r)epstopdf for TeX Liv
e
)))
(/usr/local/texlive/2020/texmf-dist/tex/latex/framed/framed.sty
Package: framed 2011/10/22 v 0.96: framed or shaded text with page breaks
\OuterFrameSep=\skip57
\fb@frw=\dimen157
\fb@frh=\dimen158
\FrameRule=\dimen159
\FrameSep=\dimen160
)
(/usr/local/texlive/2020/texmf-dist/tex/latex/colortbl/colortbl.sty
Package: colortbl 2020/01/04 v1.0e Color table columns (DPC)

(/usr/local/texlive/2020/texmf-dist/tex/latex/tools/array.sty
Package: array 2019/08/31 v2.4l Tabular extension package (FMi)
\col@sep=\dimen161
\ar@mcellbox=\box51
\extrarowheight=\dimen162
\NC@list=\toks32
\extratabsurround=\skip58
\backup@length=\skip59
\ar@cellbox=\box52
)
(/usr/local/texlive/2020/texmf-dist/tex/latex/graphics/color.sty
Package: color 2019/11/23 v1.2a Standard LaTeX Color (DPC)

(/usr/local/texlive/2020/texmf-dist/tex/latex/graphics-cfg/color.cfg
File: color.cfg 2016/01/02 v1.6 sample color configuration
)
Package color Info: Driver file: pdftex.def on input line 147.
)
\everycr=\toks33
\minrowclearance=\skip60
)
(/usr/local/texlive/2020/texmf-dist/tex/latex/algorithms/algorithmic.sty
Package: algorithmic 2009/08/24 v0.1 Document Style `algorithmic'

(/usr/local/texlive/2020/texmf-dist/tex/latex/base/ifthen.sty
Package: ifthen 2014/09/29 v1.1c Standard LaTeX ifthen package (DPC)
)
\c@ALC@unique=\count270
\c@ALC@line=\count271
\c@ALC@rem=\count272
\c@ALC@depth=\count273
\ALC@tlm=\skip61
\algorithmicindent=\skip62
)
(/usr/local/texlive/2020/texmf-dist/tex/latex/algorithm2e/algorithm2e.sty
Package: algorithm2e 2017/07/18 v5.2 algorithms environments
\c@AlgoLine=\count274
\algocf@hangindent=\skip63

(/usr/local/texlive/2020/texmf-dist/tex/latex/ifoddpage/ifoddpage.sty
Package: ifoddpage 2016/04/23 v1.1 Conditionals for odd/even page detection
\c@checkoddpage=\count275
)
(/usr/local/texlive/2020/texmf-dist/tex/latex/tools/xspace.sty
Package: xspace 2014/10/28 v1.13 Space after command names (DPC,MH)
)
(/usr/local/texlive/2020/texmf-dist/tex/latex/relsize/relsize.sty
Package: relsize 2013/03/29 ver 4.1
)
\skiptotal=\skip64
\skiplinenumber=\skip65
\skiprule=\skip66
\skiphlne=\skip67
\skiptext=\skip68
\skiplength=\skip69
\algomargin=\skip70
\skipalgocfslide=\skip71
\algowidth=\dimen163
\inoutsize=\dimen164
\inoutindent=\dimen165
\interspacetitleruled=\dimen166
\interspacealgoruled=\dimen167
\interspacetitleboxruled=\dimen168
\algocf@ruledwidth=\skip72
\algocf@inoutbox=\box53
\algocf@inputbox=\box54
\AlCapSkip=\skip73
\AlCapHSkip=\skip74
\algoskipindent=\skip75
\algocf@nlbox=\box55
\algocf@hangingbox=\box56
\algocf@untilbox=\box57
\algocf@skipuntil=\skip76
\algocf@capbox=\box58
\algocf@lcaptionbox=\skip77
\algoheightruledefault=\skip78
\algoheightrule=\skip79
\algotitleheightruledefault=\skip80
\algotitleheightrule=\skip81
\c@algocfline=\count276
\c@algocfproc=\count277
\c@algocf=\count278
\algocf@algoframe=\box59
\algocf@algobox=\box60
)
\c@proposition=\count279
\c@remark=\count280

(./thesis.aux (./acknowl.aux) (./abstract.aux) (./null.aux) (./chapter1.aux)
(./chapter2.aux) (./chapter3.aux) (./chapter4.aux) (./chapter5.aux)
(./chapter6.aux) (./chapter7.aux) (./appendix.aux) (./vitae.aux))
\openout1 = `thesis.aux'.

LaTeX Font Info:    Checking defaults for OML/cmm/m/it on input line 78.
LaTeX Font Info:    ... okay on input line 78.
LaTeX Font Info:    Checking defaults for OMS/cmsy/m/n on input line 78.
LaTeX Font Info:    ... okay on input line 78.
LaTeX Font Info:    Checking defaults for OT1/cmr/m/n on input line 78.
LaTeX Font Info:    ... okay on input line 78.
LaTeX Font Info:    Checking defaults for T1/cmr/m/n on input line 78.
LaTeX Font Info:    ... okay on input line 78.
LaTeX Font Info:    Checking defaults for TS1/cmr/m/n on input line 78.
LaTeX Font Info:    ... okay on input line 78.
LaTeX Font Info:    Checking defaults for OMX/cmex/m/n on input line 78.
LaTeX Font Info:    ... okay on input line 78.
LaTeX Font Info:    Checking defaults for U/cmr/m/n on input line 78.
LaTeX Font Info:    ... okay on input line 78.

(/usr/local/texlive/2020/texmf-dist/tex/context/base/mkii/supp-pdf.mkii
[Loading MPS to PDF converter (version 2006.09.02).]
\scratchcounter=\count281
\scratchdimen=\dimen169
\scratchbox=\box61
\nofMPsegments=\count282
\nofMParguments=\count283
\everyMPshowfont=\toks34
\MPscratchCnt=\count284
\MPscratchDim=\dimen170
\MPnumerator=\count285
\makeMPintoPDFobject=\count286
\everyMPtoPDFconversion=\toks35
)
\colveccount=\count287

Underfull \hbox (badness 10000) in paragraph at lines 198--198

 []

LaTeX Font Info:    Trying to load font information for U+msa on input line 198
.
(/usr/local/texlive/2020/texmf-dist/tex/latex/amsfonts/umsa.fd
File: umsa.fd 2013/01/14 v3.01 AMS symbols A
)
LaTeX Font Info:    Trying to load font information for U+msb on input line 198
.

(/usr/local/texlive/2020/texmf-dist/tex/latex/amsfonts/umsb.fd
File: umsb.fd 2013/01/14 v3.01 AMS symbols B
)
Underfull \hbox (badness 10000) in paragraph at lines 198--198

 []


Underfull \hbox (badness 10000) in paragraph at lines 198--198

 []


Underfull \hbox (badness 10000) in paragraph at lines 198--198

 []

[1
Non-PDF special ignored!
<special> header=psfrag.pro

{/usr/local/texlive/2020/texmf-var/fonts/map/pdftex/updmap/pdftex.map}]
[2] [3] [4]
\openout2 = `acknowl.aux'.

 (./acknowl.tex) [5


]
\openout2 = `abstract.aux'.

 (./abstract.tex) [6



] (./thesis.toc [7


])
\tf@toc=\write4
\openout4 = `thesis.toc'.


[8] (./thesis.lot)
\tf@lot=\write5
\openout5 = `thesis.lot'.

 [9

] (./thesis.lof)
\tf@lof=\write6
\openout6 = `thesis.lof'.

 [10

]
\openout2 = `null.aux'.


(/usr/local/texlive/2020/texmf-dist/tex/generic/knuth-lib/null.tex)
\openout2 = `chapter1.aux'.


(./chapter1.tex
Chapter 1.
[1




]) [2] [3]
\openout2 = `chapter2.aux'.

 (./chapter2.tex
Chapter 2.
[4



]
<tree.png, id=59, 923.45pt x 641.39626pt>
File: tree.png Graphic file (type png)
<use tree.png>
Package pdftex.def Info: tree.png  used on input line 14.
(pdftex.def)             Requested size: 462.52756pt x 321.25519pt.
 [5] [6 <./tree.png>]
Overfull \hbox (2.37192pt too wide) in paragraph at lines 38--39
\OT1/cmr/m/n/12 and the En-sem-ble Meth-ods (EM). Mul-ti-vari-ate Adap-tive Re-
gres-sion Splines (MARS) (Fried-
 []

[7] [8]) [9]
\openout2 = `chapter3.aux'.

 (./chapter3.tex
Chapter 3.
Package epstopdf Info: Source file: <fig-inf.eps>
(epstopdf)                    date: 2018-05-13 09:23:22
(epstopdf)                    size: 9168 bytes
(epstopdf)             Output file: <fig-inf-eps-converted-to.pdf>
(epstopdf)                    date: 2021-02-02 16:29:47
(epstopdf)                    size: 14864 bytes
(epstopdf)             Command: <repstopdf --outfile=fig-inf-eps-converted-to.p
df fig-inf.eps>
(epstopdf)             \includegraphics on input line 16.
Package epstopdf Info: Output file is already uptodate.
<fig-inf-eps-converted-to.pdf, id=78, 578.16pt x 758.835pt>
File: fig-inf-eps-converted-to.pdf Graphic file (type pdf)
<use fig-inf-eps-converted-to.pdf>
Package pdftex.def Info: fig-inf-eps-converted-to.pdf  used on input line 16.
(pdftex.def)             Requested size: 202.35902pt x 265.59624pt.
[10



] [11 <./fig-inf-eps-converted-to.pdf>] [12] [13] [14]
Overfull \vbox (13.91687pt too high) has occurred while \output is active []


[15] [16] [17]
Overfull \vbox (16.17404pt too high) has occurred while \output is active []


[18]) [19]
\openout2 = `chapter4.aux'.

 (./chapter4.tex
Chapter 4.
[20



] [21]

LaTeX Warning: File `fig-Trial-I.eps' not found on input line 80.

Package epstopdf Info: Source file: <fig-Trial-I.eps>
(epstopdf)             Output file: <fig-Trial-I-eps-converted-to.pdf>
(epstopdf)                    date: 2021-02-18 19:34:49
(epstopdf)                    size: 77467 bytes
(epstopdf)             Command: <repstopdf --outfile=fig-Trial-I-eps-converted-
to.pdf fig-Trial-I.eps>
(epstopdf)             \includegraphics on input line 80.
Package epstopdf Info: Output file is already uptodate.
<fig-Trial-I-eps-converted-to.pdf, id=131, 578.16pt x 758.835pt>
File: fig-Trial-I-eps-converted-to.pdf Graphic file (type pdf)
<use fig-Trial-I-eps-converted-to.pdf>
Package pdftex.def Info: fig-Trial-I-eps-converted-to.pdf  used on input line 8
0.
(pdftex.def)             Requested size: 289.07928pt x 379.41658pt.
[22] [23 <./fig-Trial-I-eps-converted-to.pdf>]
Overfull \hbox (2.60376pt too wide) in paragraph at lines 99--99
[]|\OT1/cmr/m/n/12 Tree| 
 []


Overfull \hbox (1.71663pt too wide) in paragraph at lines 99--99
[]|\OT1/cmr/m/n/12 node| 
 []

<modA.png, id=152, 785.93625pt x 648.4225pt>
File: modA.png Graphic file (type png)
<use modA.png>
Package pdftex.def Info: modA.png  used on input line 118.
(pdftex.def)             Requested size: 314.36893pt x 259.3644pt.
[24]
Overfull \hbox (2.60376pt too wide) in paragraph at lines 130--130
[]|\OT1/cmr/m/n/12 Tree| 
 []


Overfull \hbox (1.71663pt too wide) in paragraph at lines 130--130
[]|\OT1/cmr/m/n/12 node| 
 []

[25 <./modA.png>]
<modB.png, id=160, 785.93625pt x 648.4225pt>
File: modB.png Graphic file (type png)
<use modB.png>
Package pdftex.def Info: modB.png  used on input line 150.
(pdftex.def)             Requested size: 314.36893pt x 259.3644pt.
 [26]
Overfull \hbox (2.60376pt too wide) in paragraph at lines 168--168
[]|\OT1/cmr/m/n/12 Tree| 
 []


Overfull \hbox (1.71663pt too wide) in paragraph at lines 168--168
[]|\OT1/cmr/m/n/12 node| 
 []


Overfull \hbox (3.39845pt too wide) in paragraph at lines 170--170
[]|\OT1/cmr/m/n/12 246| 
 []


Overfull \hbox (3.39845pt too wide) in paragraph at lines 172--172
[]|\OT1/cmr/m/n/12 126| 
 []


Overfull \hbox (3.39845pt too wide) in paragraph at lines 174--174
[]|\OT1/cmr/m/n/12 128| 
 []


Overfull \hbox (3.39845pt too wide) in paragraph at lines 176--176
[]|\OT1/cmr/m/n/12 228| 
 []


Overfull \hbox (3.39845pt too wide) in paragraph at lines 179--179
[]|\OT1/cmr/m/n/12 136| 
 []


Overfull \hbox (3.39845pt too wide) in paragraph at lines 181--181
[]|\OT1/cmr/m/n/12 267| 
 []


Overfull \hbox (3.39845pt too wide) in paragraph at lines 183--183
[]|\OT1/cmr/m/n/12 128| 
 []


Overfull \hbox (3.39845pt too wide) in paragraph at lines 185--185
[]|\OT1/cmr/m/n/12 105| 
 []

[27 <./modB.png>]
Package epstopdf Info: Source file: <fig-SE-C+.eps>
(epstopdf)                    date: 2018-05-12 00:15:46
(epstopdf)                    size: 7565 bytes
(epstopdf)             Output file: <fig-SE-C+-eps-converted-to.pdf>
(epstopdf)                    date: 2021-02-11 02:38:35
(epstopdf)                    size: 11917 bytes
(epstopdf)             Command: <repstopdf --outfile=fig-SE-C+-eps-converted-to
.pdf fig-SE-C+.eps>
(epstopdf)             \includegraphics on input line 194.
Package epstopdf Info: Output file is already uptodate.
<fig-SE-C+-eps-converted-to.pdf, id=169, 578.16pt x 758.835pt>
File: fig-SE-C+-eps-converted-to.pdf Graphic file (type pdf)
<use fig-SE-C+-eps-converted-to.pdf>
Package pdftex.def Info: fig-SE-C+-eps-converted-to.pdf  used on input line 194
.
(pdftex.def)             Requested size: 231.2599pt x 303.52863pt.
 [28] [29 <./fig-SE-C+-eps-converted-to.pdf>]
Overfull \hbox (14.47499pt too wide) in paragraph at lines 223--242
[][]
 []

[30]
Overfull \hbox (14.47499pt too wide) in paragraph at lines 251--270
[][]
 []


Overfull \hbox (14.47499pt too wide) in paragraph at lines 281--300
[][]
 []

[31]) [32]
\openout2 = `chapter5.aux'.

 (./chapter5.tex
Chapter 5.
[33



] [34] [35]
<RealD_Tree.png, id=209, 566.115pt x 387.4475pt>
File: RealD_Tree.png Graphic file (type png)
<use RealD_Tree.png>
Package pdftex.def Info: RealD_Tree.png  used on input line 52.
(pdftex.def)             Requested size: 339.67162pt x 232.47029pt.
 [36 <./RealD_Tree.png>]
Overfull \hbox (35.41089pt too wide) in paragraph at lines 91--105
[][]
 []

[37]
<Conf_Plot.png, id=217, 566.115pt x 387.4475pt>
File: Conf_Plot.png Graphic file (type png)
<use Conf_Plot.png>
Package pdftex.def Info: Conf_Plot.png  used on input line 112.
(pdftex.def)             Requested size: 396.2778pt x 271.2114pt.
) [38 <./Conf_Plot.png>]
\openout2 = `chapter6.aux'.

 (./chapter6.tex
Chapter 6.
[39



]) [40]
\openout2 = `chapter7.aux'.


No file chapter7.tex.
\openout2 = `appendix.aux'.

(./appendix.tex [41





]
Overfull \hbox (7.94063pt too wide) in paragraph at lines 116--116
 []\OT1/cmtt/m/n/10 maxsurrogate=0, usesurrogate=2, surrogatestyle=0,   # SURRO
GATE SPLITS FOR MISSING DATA[] 
 []


Overfull \hbox (165.43925pt too wide) in paragraph at lines 116--116
 []\OT1/cmtt/m/n/10 SE1 <- min(cv.error) + ((tre0$cptable)[,5])[which.min(cv.er
ror)]      # 1SE; CAN BE EASILY MODIFIED AS aSE FOR SOME a[] 
 []


Overfull \hbox (18.44054pt too wide) in paragraph at lines 116--116
 []\OT1/cmtt/m/n/10 best.cp <-  sqrt(tre0$cptable[position,1]*tre0$cptable[(pos
ition-1),1]); # print(best.cp)[] 
 []

[42] [43] [44] [45] [46] [47] [48] [49] [50] [51] [52]
Overfull \hbox (13.19058pt too wide) in paragraph at lines 537--537
 []\OT1/cmtt/m/n/10 cover.naive <- cover.naive + sign(ybar.test >= CI.i$L.naive
 & ybar.test <= CI.i$U.naive)[] 
 []


Overfull \hbox (34.1904pt too wide) in paragraph at lines 537--537
 []\OT1/cmtt/m/n/10 cover.oracle <- cover.oracle + sign(ybar.test >= CI.i$L.ora
cle & ybar.test <= CI.i$U.oracle)[] 
 []

[53] [54]
Overfull \hbox (7.94063pt too wide) in paragraph at lines 642--642
 []\OT1/cmtt/m/n/10 colnames(OUT) <- c("node", "n", "dev", "ybar", "sd.uncorrec
ted","bias", "sd.corrected")[] 
 []

[55]) [56] (./thesis.bbl [57


]) [58]
\openout2 = `vitae.aux'.

 (./vitae.tex) [59


] (./thesis.aux
(./acknowl.aux) (./abstract.aux) (./null.aux) (./chapter1.aux) (./chapter2.aux)
(./chapter3.aux) (./chapter4.aux) (./chapter5.aux) (./chapter6.aux)
(./chapter7.aux) (./appendix.aux) (./vitae.aux)) )
(\end occurred inside a group at level 1)

### semi simple group (level 1) entered at line 17 (\begingroup)
### bottom level 
Here is how much of TeX's memory you used:
 6765 strings out of 480608
 97069 string characters out of 5903631
 380414 words of memory out of 5000000
 22383 multiletter control sequences out of 15000+600000
 549252 words of font info for 86 fonts, out of 8000000 for 9000
 1141 hyphenation exceptions out of 8191
 47i,24n,51p,2616b,597s stack positions out of 5000i,500n,10000p,200000b,80000s
{/usr/local/texlive/2020/texmf-dist/fonts/enc/dvips/cm-super/cm
-super-ts1.enc}</usr/local/texlive/2020/texmf-dist/fonts/type1/public/amsfonts/
cm/cmbx12.pfb></usr/local/texlive/2020/texmf-dist/fonts/type1/public/amsfonts/c
m/cmbx8.pfb></usr/local/texlive/2020/texmf-dist/fonts/type1/public/amsfonts/cm/
cmex10.pfb></usr/local/texlive/2020/texmf-dist/fonts/type1/public/amsfonts/cmex
tra/cmex8.pfb></usr/local/texlive/2020/texmf-dist/fonts/type1/public/amsfonts/c
m/cmmi10.pfb></usr/local/texlive/2020/texmf-dist/fonts/type1/public/amsfonts/cm
/cmmi12.pfb></usr/local/texlive/2020/texmf-dist/fonts/type1/public/amsfonts/cm/
cmmi5.pfb></usr/local/texlive/2020/texmf-dist/fonts/type1/public/amsfonts/cm/cm
mi6.pfb></usr/local/texlive/2020/texmf-dist/fonts/type1/public/amsfonts/cm/cmmi
8.pfb></usr/local/texlive/2020/texmf-dist/fonts/type1/public/amsfonts/cm/cmr10.
pfb></usr/local/texlive/2020/texmf-dist/fonts/type1/public/amsfonts/cm/cmr12.pf
b></usr/local/texlive/2020/texmf-dist/fonts/type1/public/amsfonts/cm/cmr5.pfb><
/usr/local/texlive/2020/texmf-dist/fonts/type1/public/amsfonts/cm/cmr6.pfb></us
r/local/texlive/2020/texmf-dist/fonts/type1/public/amsfonts/cm/cmr8.pfb></usr/l
ocal/texlive/2020/texmf-dist/fonts/type1/public/amsfonts/cm/cmsy10.pfb></usr/lo
cal/texlive/2020/texmf-dist/fonts/type1/public/amsfonts/cm/cmsy5.pfb></usr/loca
l/texlive/2020/texmf-dist/fonts/type1/public/amsfonts/cm/cmsy6.pfb></usr/local/
texlive/2020/texmf-dist/fonts/type1/public/amsfonts/cm/cmsy8.pfb></usr/local/te
xlive/2020/texmf-dist/fonts/type1/public/amsfonts/cm/cmti10.pfb></usr/local/tex
live/2020/texmf-dist/fonts/type1/public/amsfonts/cm/cmti12.pfb></usr/local/texl
ive/2020/texmf-dist/fonts/type1/public/amsfonts/cm/cmtt10.pfb></usr/local/texli
ve/2020/texmf-dist/fonts/type1/public/amsfonts/cm/cmtt12.pfb></usr/local/texliv
e/2020/texmf-dist/fonts/type1/public/amsfonts/symbols/msbm10.pfb></usr/local/te
xlive/2020/texmf-dist/fonts/type1/public/cm-super/sfrm1200.pfb>
Output written on thesis.pdf (69 pages, 1338755 bytes).
PDF statistics:
 371 PDF objects out of 1000 (max. 8388607)
 251 compressed objects within 3 object streams
 0 named destinations out of 1000 (max. 500000)
 41 words of extra memory for PDF output out of 10000 (max. 10000000)

